To honour the JVM settings for this build a single-use Daemon process will be forked. For more on this, please refer to https://docs.gradle.org/8.8/userguide/gradle_daemon.html#sec:disabling_the_daemon in the Gradle documentation.
Daemon will be stopped at the end of the build 

> Configure project :
MixinGradle did not locate the diffplug APT plugin, skipping eclipse task configuration
Java: 17.0.18, JVM: 17.0.18+8 (Eclipse Adoptium), Arch: amd64
[cn-mirrors] project remove https://repo.maven.apache.org/maven2/
files(...) dependencies are not deobfuscated. Use a flatDir repository instead: https://docs.gradle.org/current/userguide/declaring_repositories.html#sub:flat_dir_resolver
Cannot deobfuscate dependency of type DefaultFileCollectionDependency_Decorated, using obfuscated version!
[cn-mirrors] project remove https://repo.maven.apache.org/maven2/

> Task :downloadMcpConfig
> Task :extractSrg UP-TO-DATE
> Task :createMcpToSrg UP-TO-DATE

> Task :compileJava
зЂ: SpongePowered MIXIN Annotation Processor Version=0.8.5 (MixinGradle Version=0.7.38)
зЂ: Supported obfuscation types: ObfuscationServiceMCP supports [notch] ObfuscationServiceFG3 supports [searge]
зЂ: Loading searge mappings from C:\Users\Administrator\Downloads\ГОЗтЙХМЃ\AnnoyingVillagers-1.4\AnnoyingVillagers-1.4\build\createMcpToSrg\output.tsrg
зЂ: Writing refmap to C:\Users\Administrator\Downloads\ГОЗтЙХМЃ\AnnoyingVillagers-1.4\AnnoyingVillagers-1.4\build\tmp\compileJava\compileJava-refmap.json
зЂ: Writing refmap to C:\Users\Administrator\Downloads\ГОЗтЙХМЃ\AnnoyingVillagers-1.4\AnnoyingVillagers-1.4\build\tmp\compileJava\compileJava-refmap.json
зЂ: Writing searge composite mappings to C:\Users\Administrator\Downloads\ГОЗтЙХМЃ\AnnoyingVillagers-1.4\AnnoyingVillagers-1.4\build\tmp\compileJava\compileJava-mappings.tsrg
зЂ: Writing refmap to C:\Users\Administrator\Downloads\ГОЗтЙХМЃ\AnnoyingVillagers-1.4\AnnoyingVillagers-1.4\build\tmp\compileJava\compileJava-refmap.json
зЂ: Writing refmap to C:\Users\Administrator\Downloads\ГОЗтЙХМЃ\AnnoyingVillagers-1.4\AnnoyingVillagers-1.4\build\tmp\compileJava\compileJava-refmap.json
зЂ: Writing searge composite mappings to C:\Users\Administrator\Downloads\ГОЗтЙХМЃ\AnnoyingVillagers-1.4\AnnoyingVillagers-1.4\build\tmp\compileJava\compileJava-mappings.tsrg
C:\Users\Administrator\Downloads\ГОЗтЙХМЃ\AnnoyingVillagers-1.4\AnnoyingVillagers-1.4\src\main\java\com\pla\annoyingvillagers\capabilities\AVWeaponCapabilityPresets.java:40: ОЏИц: [removal] Builder жаЕФ styleProvider(Function<LivingEntityPatch<?>,Style>) вбЙ§ЪБ, ЧвБъМЧЮЊД§ЩОГ§
                    .styleProvider((livingEntityPatch) -> Styles.TWO_HAND)
                    ^
C:\Users\Administrator\Downloads\ГОЗтЙХМЃ\AnnoyingVillagers-1.4\AnnoyingVillagers-1.4\src\main\java\com\pla\annoyingvillagers\capabilities\AVWeaponCapabilityPresets.java:45: ОЏИц: [removal] Builder жаЕФ newStyleCombo(Style,AnimationAccessor<? extends AttackAnimation>...) вбЙ§ЪБ, ЧвБъМЧЮЊД§ЩОГ§
                    .newStyleCombo(Styles.TWO_HAND,
                    ^
C:\Users\Administrator\Downloads\ГОЗтЙХМЃ\AnnoyingVillagers-1.4\AnnoyingVillagers-1.4\src\main\java\com\pla\annoyingvillagers\capabilities\AVWeaponCapabilityPresets.java:55: ОЏИц: [removal] Builder жаЕФ livingMotionModifier(Style,LivingMotion,AnimationAccessor<? extends StaticAnimation>) вбЙ§ЪБ, ЧвБъМЧЮЊД§ЩОГ§
                    .livingMotionModifier(Styles.TWO_HAND, LivingMotions.IDLE, Animations.BIPED_IDLE)
                    ^
C:\Users\Administrator\Downloads\ГОЗтЙХМЃ\AnnoyingVillagers-1.4\AnnoyingVillagers-1.4\src\main\java\com\pla\annoyingvillagers\capabilities\AVWeaponCapabilityPresets.java:56: ОЏИц: [removal] Builder жаЕФ livingMotionModifier(Style,LivingMotion,AnimationAccessor<? extends StaticAnimation>) вбЙ§ЪБ, ЧвБъМЧЮЊД§ЩОГ§
                    .livingMotionModifier(Styles.TWO_HAND, LivingMotions.RUN, Animations.BIPED_RUN)
                    ^
C:\Users\Administrator\Downloads\ГОЗтЙХМЃ\AnnoyingVillagers-1.4\AnnoyingVillagers-1.4\src\main\java\com\pla\annoyingvillagers\capabilities\AVWeaponCapabilityPresets.java:57: ОЏИц: [removal] Builder жаЕФ livingMotionModifier(Style,LivingMotion,AnimationAccessor<? extends StaticAnimation>) вбЙ§ЪБ, ЧвБъМЧЮЊД§ЩОГ§
                    .livingMotionModifier(Styles.TWO_HAND, LivingMotions.CHASE, Animations.BIPED_RUN)
                    ^
C:\Users\Administrator\Downloads\ГОЗтЙХМЃ\AnnoyingVillagers-1.4\AnnoyingVillagers-1.4\src\main\java\com\pla\annoyingvillagers\capabilities\AVWeaponCapabilityPresets.java:58: ОЏИц: [removal] Builder жаЕФ livingMotionModifier(Style,LivingMotion,AnimationAccessor<? extends StaticAnimation>) вбЙ§ЪБ, ЧвБъМЧЮЊД§ЩОГ§
                    .livingMotionModifier(Styles.TWO_HAND, LivingMotions.WALK, Animations.BIPED_WALK)
                    ^
C:\Users\Administrator\Downloads\ГОЗтЙХМЃ\AnnoyingVillagers-1.4\AnnoyingVillagers-1.4\src\main\java\com\pla\annoyingvillagers\capabilities\AVWeaponCapabilityPresets.java:59: ОЏИц: [removal] Builder жаЕФ livingMotionModifier(Style,LivingMotion,AnimationAccessor<? extends StaticAnimation>) вбЙ§ЪБ, ЧвБъМЧЮЊД§ЩОГ§
                    .livingMotionModifier(Styles.TWO_HAND, LivingMotions.BLOCK, Animations.BIPED_BLOCK)
                    ^
C:\Users\Administrator\Downloads\ГОЗтЙХМЃ\AnnoyingVillagers-1.4\AnnoyingVillagers-1.4\src\main\java\com\pla\annoyingvillagers\capabilities\AVWeaponCapabilityPresets.java:60: ОЏИц: [removal] Builder жаЕФ weaponCombinationPredicator(Function<LivingEntityPatch<?>,Boolean>) вбЙ§ЪБ, ЧвБъМЧЮЊД§ЩОГ§
                    .weaponCombinationPredicator((patch) -> true);
                    ^
C:\Users\Administrator\Downloads\ГОЗтЙХМЃ\AnnoyingVillagers-1.4\AnnoyingVillagers-1.4\src\main\java\com\pla\annoyingvillagers\capabilities\AVWeaponCapabilityPresets.java:64: ОЏИц: [removal] Builder жаЕФ styleProvider(Function<LivingEntityPatch<?>,Style>) вбЙ§ЪБ, ЧвБъМЧЮЊД§ЩОГ§
                    .styleProvider((livingEntityPatch) -> Styles.TWO_HAND)
                    ^
C:\Users\Administrator\Downloads\ГОЗтЙХМЃ\AnnoyingVillagers-1.4\AnnoyingVillagers-1.4\src\main\java\com\pla\annoyingvillagers\capabilities\AVWeaponCapabilityPresets.java:68: ОЏИц: [removal] Builder жаЕФ newStyleCombo(Style,AnimationAccessor<? extends AttackAnimation>...) вбЙ§ЪБ, ЧвБъМЧЮЊД§ЩОГ§
                    .newStyleCombo(Styles.TWO_HAND,
                    ^
C:\Users\Administrator\Downloads\ГОЗтЙХМЃ\AnnoyingVillagers-1.4\AnnoyingVillagers-1.4\src\main\java\com\pla\annoyingvillagers\capabilities\AVWeaponCapabilityPresets.java:76: ОЏИц: [removal] Builder жаЕФ newStyleCombo(Style,AnimationAccessor<? extends AttackAnimation>...) вбЙ§ЪБ, ЧвБъМЧЮЊД§ЩОГ§
                    .newStyleCombo(Styles.MOUNT,
                    ^
C:\Users\Administrator\Downloads\ГОЗтЙХМЃ\AnnoyingVillagers-1.4\AnnoyingVillagers-1.4\src\main\java\com\pla\annoyingvillagers\capabilities\AVWeaponCapabilityPresets.java:80: ОЏИц: [removal] Builder жаЕФ livingMotionModifier(Style,LivingMotion,AnimationAccessor<? extends StaticAnimation>) вбЙ§ЪБ, ЧвБъМЧЮЊД§ЩОГ§
                    .livingMotionModifier(Styles.TWO_HAND, LivingMotions.IDLE, AVAnimations.VALOUR_HOLD_GREATSWORD)
                    ^
C:\Users\Administrator\Downloads\ГОЗтЙХМЃ\AnnoyingVillagers-1.4\AnnoyingVillagers-1.4\src\main\java\com\pla\annoyingvillagers\capabilities\AVWeaponCapabilityPresets.java:81: ОЏИц: [removal] Builder жаЕФ livingMotionModifier(Style,LivingMotion,AnimationAccessor<? extends StaticAnimation>) вбЙ§ЪБ, ЧвБъМЧЮЊД§ЩОГ§
                    .livingMotionModifier(Styles.TWO_HAND, LivingMotions.WALK, AVAnimations.VALOUR_WALK_GREATSWORD)
                    ^
C:\Users\Administrator\Downloads\ГОЗтЙХМЃ\AnnoyingVillagers-1.4\AnnoyingVillagers-1.4\src\main\java\com\pla\annoyingvillagers\capabilities\AVWeaponCapabilityPresets.java:82: ОЏИц: [removal] Builder жаЕФ livingMotionModifier(Style,LivingMotion,AnimationAccessor<? extends StaticAnimation>) вбЙ§ЪБ, ЧвБъМЧЮЊД§ЩОГ§
                    .livingMotionModifier(Styles.TWO_HAND, LivingMotions.RUN, AVAnimations.VALOUR_RUN_GREATSWORD)
                    ^
C:\Users\Administrator\Downloads\ГОЗтЙХМЃ\AnnoyingVillagers-1.4\AnnoyingVillagers-1.4\src\main\java\com\pla\annoyingvillagers\capabilities\AVWeaponCapabilityPresets.java:83: ОЏИц: [removal] Builder жаЕФ livingMotionModifier(Style,LivingMotion,AnimationAccessor<? extends StaticAnimation>) вбЙ§ЪБ, ЧвБъМЧЮЊД§ЩОГ§
                    .livingMotionModifier(Styles.TWO_HAND, LivingMotions.CHASE, AVAnimations.VALOUR_RUN_GREATSWORD)
                    ^
C:\Users\Administrator\Downloads\ГОЗтЙХМЃ\AnnoyingVillagers-1.4\AnnoyingVillagers-1.4\src\main\java\com\pla\annoyingvillagers\capabilities\AVWeaponCapabilityPresets.java:84: ОЏИц: [removal] Builder жаЕФ livingMotionModifier(Style,LivingMotion,AnimationAccessor<? extends StaticAnimation>) вбЙ§ЪБ, ЧвБъМЧЮЊД§ЩОГ§
                    .livingMotionModifier(Styles.TWO_HAND, LivingMotions.BLOCK, AVAnimations.GLOWING_AGONY_GUARD);
                    ^
C:\Users\Administrator\Downloads\ГОЗтЙХМЃ\AnnoyingVillagers-1.4\AnnoyingVillagers-1.4\src\main\java\com\pla\annoyingvillagers\capabilities\AVWeaponCapabilityPresets.java:89: ОЏИц: [removal] Builder жаЕФ styleProvider(Function<LivingEntityPatch<?>,Style>) вбЙ§ЪБ, ЧвБъМЧЮЊД§ЩОГ§
                    .styleProvider(
                    ^
C:\Users\Administrator\Downloads\ГОЗтЙХМЃ\AnnoyingVillagers-1.4\AnnoyingVillagers-1.4\src\main\java\com\pla\annoyingvillagers\capabilities\AVWeaponCapabilityPresets.java:95: ОЏИц: [removal] Builder жаЕФ newStyleCombo(Style,AnimationAccessor<? extends AttackAnimation>...) вбЙ§ЪБ, ЧвБъМЧЮЊД§ЩОГ§
                    .newStyleCombo(Styles.TWO_HAND,
                    ^
C:\Users\Administrator\Downloads\ГОЗтЙХМЃ\AnnoyingVillagers-1.4\AnnoyingVillagers-1.4\src\main\java\com\pla\annoyingvillagers\capabilities\AVWeaponCapabilityPresets.java:103: ОЏИц: [removal] Builder жаЕФ newStyleCombo(Style,AnimationAccessor<? extends AttackAnimation>...) вбЙ§ЪБ, ЧвБъМЧЮЊД§ЩОГ§
                    ).newStyleCombo(Styles.MOUNT,
                     ^
C:\Users\Administrator\Downloads\ГОЗтЙХМЃ\AnnoyingVillagers-1.4\AnnoyingVillagers-1.4\src\main\java\com\pla\annoyingvillagers\capabilities\AVWeaponCapabilityPresets.java:106: ОЏИц: [removal] Builder жаЕФ livingMotionModifier(Style,LivingMotion,AnimationAccessor<? extends StaticAnimation>) вбЙ§ЪБ, ЧвБъМЧЮЊД§ЩОГ§
                    .livingMotionModifier(Styles.TWO_HAND, LivingMotions.IDLE, AVAnimations.VALOUR_HOLD_GREATSWORD)
                    ^
C:\Users\Administrator\Downloads\ГОЗтЙХМЃ\AnnoyingVillagers-1.4\AnnoyingVillagers-1.4\src\main\java\com\pla\annoyingvillagers\capabilities\AVWeaponCapabilityPresets.java:107: ОЏИц: [removal] Builder жаЕФ livingMotionModifier(Style,LivingMotion,AnimationAccessor<? extends StaticAnimation>) вбЙ§ЪБ, ЧвБъМЧЮЊД§ЩОГ§
                    .livingMotionModifier(Styles.TWO_HAND, LivingMotions.WALK, AVAnimations.VALOUR_WALK_GREATSWORD)
                    ^
C:\Users\Administrator\Downloads\ГОЗтЙХМЃ\AnnoyingVillagers-1.4\AnnoyingVillagers-1.4\src\main\java\com\pla\annoyingvillagers\capabilities\AVWeaponCapabilityPresets.java:108: ОЏИц: [removal] Builder жаЕФ livingMotionModifier(Style,LivingMotion,AnimationAccessor<? extends StaticAnimation>) вбЙ§ЪБ, ЧвБъМЧЮЊД§ЩОГ§
                    .livingMotionModifier(Styles.TWO_HAND, LivingMotions.RUN, AVAnimations.VALOUR_RUN_GREATSWORD)
                    ^
C:\Users\Administrator\Downloads\ГОЗтЙХМЃ\AnnoyingVillagers-1.4\AnnoyingVillagers-1.4\src\main\java\com\pla\annoyingvillagers\capabilities\AVWeaponCapabilityPresets.java:109: ОЏИц: [removal] Builder жаЕФ livingMotionModifier(Style,LivingMotion,AnimationAccessor<? extends StaticAnimation>) вбЙ§ЪБ, ЧвБъМЧЮЊД§ЩОГ§
                    .livingMotionModifier(Styles.TWO_HAND, LivingMotions.CHASE, AVAnimations.VALOUR_RUN_GREATSWORD)
                    ^
C:\Users\Administrator\Downloads\ГОЗтЙХМЃ\AnnoyingVillagers-1.4\AnnoyingVillagers-1.4\src\main\java\com\pla\annoyingvillagers\capabilities\AVWeaponCapabilityPresets.java:110: ОЏИц: [removal] Builder жаЕФ livingMotionModifier(Style,LivingMotion,AnimationAccessor<? extends StaticAnimation>) вбЙ§ЪБ, ЧвБъМЧЮЊД§ЩОГ§
                    .livingMotionModifier(Styles.TWO_HAND, LivingMotions.BLOCK, AnimsSolar.SOLAR_GUARD)
                    ^
C:\Users\Administrator\Downloads\ГОЗтЙХМЃ\AnnoyingVillagers-1.4\AnnoyingVillagers-1.4\src\main\java\com\pla\annoyingvillagers\capabilities\AVWeaponCapabilityPresets.java:111: ОЏИц: [removal] Builder жаЕФ weaponCombinationPredicator(Function<LivingEntityPatch<?>,Boolean>) вбЙ§ЪБ, ЧвБъМЧЮЊД§ЩОГ§
                    .weaponCombinationPredicator(
                    ^
C:\Users\Administrator\Downloads\ГОЗтЙХМЃ\AnnoyingVillagers-1.4\AnnoyingVillagers-1.4\src\main\java\com\pla\annoyingvillagers\capabilities\AVWeaponCapabilityPresets.java:119: ОЏИц: [removal] Builder жаЕФ styleProvider(Function<LivingEntityPatch<?>,Style>) вбЙ§ЪБ, ЧвБъМЧЮЊД§ЩОГ§
                    .styleProvider(
                    ^
C:\Users\Administrator\Downloads\ГОЗтЙХМЃ\AnnoyingVillagers-1.4\AnnoyingVillagers-1.4\src\main\java\com\pla\annoyingvillagers\capabilities\AVWeaponCapabilityPresets.java:125: ОЏИц: [removal] Builder жаЕФ newStyleCombo(Style,AnimationAccessor<? extends AttackAnimation>...) вбЙ§ЪБ, ЧвБъМЧЮЊД§ЩОГ§
                    .newStyleCombo(Styles.TWO_HAND,
                    ^
C:\Users\Administrator\Downloads\ГОЗтЙХМЃ\AnnoyingVillagers-1.4\AnnoyingVillagers-1.4\src\main\java\com\pla\annoyingvillagers\capabilities\AVWeaponCapabilityPresets.java:133: ОЏИц: [removal] Builder жаЕФ newStyleCombo(Style,AnimationAccessor<? extends AttackAnimation>...) вбЙ§ЪБ, ЧвБъМЧЮЊД§ЩОГ§
                    ).newStyleCombo(Styles.MOUNT,
                     ^
C:\Users\Administrator\Downloads\ГОЗтЙХМЃ\AnnoyingVillagers-1.4\AnnoyingVillagers-1.4\src\main\java\com\pla\annoyingvillagers\capabilities\AVWeaponCapabilityPresets.java:136: ОЏИц: [removal] Builder жаЕФ livingMotionModifier(Style,LivingMotion,AnimationAccessor<? extends StaticAnimation>) вбЙ§ЪБ, ЧвБъМЧЮЊД§ЩОГ§
                    .livingMotionModifier(Styles.TWO_HAND, LivingMotions.IDLE, AVAnimations.VALOUR_HOLD_GREATSWORD)
                    ^
C:\Users\Administrator\Downloads\ГОЗтЙХМЃ\AnnoyingVillagers-1.4\AnnoyingVillagers-1.4\src\main\java\com\pla\annoyingvillagers\capabilities\AVWeaponCapabilityPresets.java:137: ОЏИц: [removal] Builder жаЕФ livingMotionModifier(Style,LivingMotion,AnimationAccessor<? extends StaticAnimation>) вбЙ§ЪБ, ЧвБъМЧЮЊД§ЩОГ§
                    .livingMotionModifier(Styles.TWO_HAND, LivingMotions.WALK, AVAnimations.VALOUR_WALK_GREATSWORD)
                    ^
C:\Users\Administrator\Downloads\ГОЗтЙХМЃ\AnnoyingVillagers-1.4\AnnoyingVillagers-1.4\src\main\java\com\pla\annoyingvillagers\capabilities\AVWeaponCapabilityPresets.java:138: ОЏИц: [removal] Builder жаЕФ livingMotionModifier(Style,LivingMotion,AnimationAccessor<? extends StaticAnimation>) вбЙ§ЪБ, ЧвБъМЧЮЊД§ЩОГ§
                    .livingMotionModifier(Styles.TWO_HAND, LivingMotions.RUN, AVAnimations.VALOUR_RUN_GREATSWORD)
                    ^
C:\Users\Administrator\Downloads\ГОЗтЙХМЃ\AnnoyingVillagers-1.4\AnnoyingVillagers-1.4\src\main\java\com\pla\annoyingvillagers\capabilities\AVWeaponCapabilityPresets.java:139: ОЏИц: [removal] Builder жаЕФ livingMotionModifier(Style,LivingMotion,AnimationAccessor<? extends StaticAnimation>) вбЙ§ЪБ, ЧвБъМЧЮЊД§ЩОГ§
                    .livingMotionModifier(Styles.TWO_HAND, LivingMotions.CHASE, AVAnimations.VALOUR_RUN_GREATSWORD)
                    ^
C:\Users\Administrator\Downloads\ГОЗтЙХМЃ\AnnoyingVillagers-1.4\AnnoyingVillagers-1.4\src\main\java\com\pla\annoyingvillagers\capabilities\AVWeaponCapabilityPresets.java:140: ОЏИц: [removal] Builder жаЕФ livingMotionModifier(Style,LivingMotion,AnimationAccessor<? extends StaticAnimation>) вбЙ§ЪБ, ЧвБъМЧЮЊД§ЩОГ§
                    .livingMotionModifier(Styles.TWO_HAND, LivingMotions.BLOCK, AnimsRuine.RUINE_GUARD)
                    ^
C:\Users\Administrator\Downloads\ГОЗтЙХМЃ\AnnoyingVillagers-1.4\AnnoyingVillagers-1.4\src\main\java\com\pla\annoyingvillagers\capabilities\AVWeaponCapabilityPresets.java:141: ОЏИц: [removal] Builder жаЕФ weaponCombinationPredicator(Function<LivingEntityPatch<?>,Boolean>) вбЙ§ЪБ, ЧвБъМЧЮЊД§ЩОГ§
                    .weaponCombinationPredicator(
                    ^
C:\Users\Administrator\Downloads\ГОЗтЙХМЃ\AnnoyingVillagers-1.4\AnnoyingVillagers-1.4\src\main\java\com\pla\annoyingvillagers\capabilities\AVWeaponCapabilityPresets.java:148: ОЏИц: [removal] Builder жаЕФ styleProvider(Function<LivingEntityPatch<?>,Style>) вбЙ§ЪБ, ЧвБъМЧЮЊД§ЩОГ§
                    .styleProvider((entityPatch) -> Styles.TWO_HAND)
                    ^
C:\Users\Administrator\Downloads\ГОЗтЙХМЃ\AnnoyingVillagers-1.4\AnnoyingVillagers-1.4\src\main\java\com\pla\annoyingvillagers\capabilities\AVWeaponCapabilityPresets.java:153: ОЏИц: [removal] Builder жаЕФ newStyleCombo(Style,AnimationAccessor<? extends AttackAnimation>...) вбЙ§ЪБ, ЧвБъМЧЮЊД§ЩОГ§
                    .newStyleCombo(Styles.TWO_HAND,
                    ^
C:\Users\Administrator\Downloads\ГОЗтЙХМЃ\AnnoyingVillagers-1.4\AnnoyingVillagers-1.4\src\main\java\com\pla\annoyingvillagers\capabilities\AVWeaponCapabilityPresets.java:163: ОЏИц: [removal] Builder жаЕФ livingMotionModifier(Style,LivingMotion,AnimationAccessor<? extends StaticAnimation>) вбЙ§ЪБ, ЧвБъМЧЮЊД§ЩОГ§
                    .livingMotionModifier(Styles.TWO_HAND, LivingMotions.IDLE, AnimsEnderblaster.ENDERBLASTER_TWOHAND_IDLE)
                    ^
C:\Users\Administrator\Downloads\ГОЗтЙХМЃ\AnnoyingVillagers-1.4\AnnoyingVillagers-1.4\src\main\java\com\pla\annoyingvillagers\capabilities\AVWeaponCapabilityPresets.java:164: ОЏИц: [removal] Builder жаЕФ livingMotionModifier(Style,LivingMotion,AnimationAccessor<? extends StaticAnimation>) вбЙ§ЪБ, ЧвБъМЧЮЊД§ЩОГ§
                    .livingMotionModifier(Styles.TWO_HAND, LivingMotions.WALK, AnimsEnderblaster.ENDERBLASTER_TWOHAND_IDLE)
                    ^
C:\Users\Administrator\Downloads\ГОЗтЙХМЃ\AnnoyingVillagers-1.4\AnnoyingVillagers-1.4\src\main\java\com\pla\annoyingvillagers\capabilities\AVWeaponCapabilityPresets.java:165: ОЏИц: [removal] Builder жаЕФ livingMotionModifier(Style,LivingMotion,AnimationAccessor<? extends StaticAnimation>) вбЙ§ЪБ, ЧвБъМЧЮЊД§ЩОГ§
                    .livingMotionModifier(Styles.TWO_HAND, LivingMotions.RUN, AnimsEnderblaster.ENDERBLASTER_TWOHAND_IDLE)
                    ^
C:\Users\Administrator\Downloads\ГОЗтЙХМЃ\AnnoyingVillagers-1.4\AnnoyingVillagers-1.4\src\main\java\com\pla\annoyingvillagers\capabilities\AVWeaponCapabilityPresets.java:166: ОЏИц: [removal] Builder жаЕФ livingMotionModifier(Style,LivingMotion,AnimationAccessor<? extends StaticAnimation>) вбЙ§ЪБ, ЧвБъМЧЮЊД§ЩОГ§
                    .livingMotionModifier(Styles.TWO_HAND, LivingMotions.CHASE, AnimsEnderblaster.ENDERBLASTER_TWOHAND_IDLE)
                    ^
C:\Users\Administrator\Downloads\ГОЗтЙХМЃ\AnnoyingVillagers-1.4\AnnoyingVillagers-1.4\src\main\java\com\pla\annoyingvillagers\capabilities\AVWeaponCapabilityPresets.java:167: ОЏИц: [removal] Builder жаЕФ livingMotionModifier(Style,LivingMotion,AnimationAccessor<? extends StaticAnimation>) вбЙ§ЪБ, ЧвБъМЧЮЊД§ЩОГ§
                    .livingMotionModifier(Styles.TWO_HAND, LivingMotions.MOUNT, Animations.BIPED_MOUNT)
                    ^
C:\Users\Administrator\Downloads\ГОЗтЙХМЃ\AnnoyingVillagers-1.4\AnnoyingVillagers-1.4\src\main\java\com\pla\annoyingvillagers\capabilities\AVWeaponCapabilityPresets.java:168: ОЏИц: [removal] Builder жаЕФ livingMotionModifier(Style,LivingMotion,AnimationAccessor<? extends StaticAnimation>) вбЙ§ЪБ, ЧвБъМЧЮЊД§ЩОГ§
                    .livingMotionModifier(Styles.MOUNT, LivingMotions.MOUNT, Animations.BIPED_MOUNT)
                    ^
C:\Users\Administrator\Downloads\ГОЗтЙХМЃ\AnnoyingVillagers-1.4\AnnoyingVillagers-1.4\src\main\java\com\pla\annoyingvillagers\capabilities\AVWeaponCapabilityPresets.java:169: ОЏИц: [removal] Builder жаЕФ livingMotionModifier(Style,LivingMotion,AnimationAccessor<? extends StaticAnimation>) вбЙ§ЪБ, ЧвБъМЧЮЊД§ЩОГ§
                    .livingMotionModifier(Styles.MOUNT, LivingMotions.IDLE, Animations.BIPED_MOUNT)
                    ^
C:\Users\Administrator\Downloads\ГОЗтЙХМЃ\AnnoyingVillagers-1.4\AnnoyingVillagers-1.4\src\main\java\com\pla\annoyingvillagers\capabilities\AVWeaponCapabilityPresets.java:170: ОЏИц: [removal] Builder жаЕФ livingMotionModifier(Style,LivingMotion,AnimationAccessor<? extends StaticAnimation>) вбЙ§ЪБ, ЧвБъМЧЮЊД§ЩОГ§
                    .livingMotionModifier(Styles.TWO_HAND, LivingMotions.BLOCK, AVAnimations.GLOWING_AGONY_GUARD);
                    ^
C:\Users\Administrator\Downloads\ГОЗтЙХМЃ\AnnoyingVillagers-1.4\AnnoyingVillagers-1.4\src\main\java\com\pla\annoyingvillagers\capabilities\AVWeaponCapabilityPresets.java:174: ОЏИц: [removal] Builder жаЕФ styleProvider(Function<LivingEntityPatch<?>,Style>) вбЙ§ЪБ, ЧвБъМЧЮЊД§ЩОГ§
                    .styleProvider((livingEntityPatch) -> Styles.TWO_HAND)
                    ^
C:\Users\Administrator\Downloads\ГОЗтЙХМЃ\AnnoyingVillagers-1.4\AnnoyingVillagers-1.4\src\main\java\com\pla\annoyingvillagers\capabilities\AVWeaponCapabilityPresets.java:178: ОЏИц: [removal] Builder жаЕФ newStyleCombo(Style,AnimationAccessor<? extends AttackAnimation>...) вбЙ§ЪБ, ЧвБъМЧЮЊД§ЩОГ§
                    .newStyleCombo(Styles.TWO_HAND,
                    ^
C:\Users\Administrator\Downloads\ГОЗтЙХМЃ\AnnoyingVillagers-1.4\AnnoyingVillagers-1.4\src\main\java\com\pla\annoyingvillagers\capabilities\AVWeaponCapabilityPresets.java:189: ОЏИц: [removal] Builder жаЕФ livingMotionModifier(Style,LivingMotion,AnimationAccessor<? extends StaticAnimation>) вбЙ§ЪБ, ЧвБъМЧЮЊД§ЩОГ§
                    .livingMotionModifier(Styles.TWO_HAND, LivingMotions.IDLE, AVAnimations.CLONE_ANTITHEUS_ASCENDED_IDLE)
                    ^
C:\Users\Administrator\Downloads\ГОЗтЙХМЃ\AnnoyingVillagers-1.4\AnnoyingVillagers-1.4\src\main\java\com\pla\annoyingvillagers\capabilities\AVWeaponCapabilityPresets.java:190: ОЏИц: [removal] Builder жаЕФ livingMotionModifier(Style,LivingMotion,AnimationAccessor<? extends StaticAnimation>) вбЙ§ЪБ, ЧвБъМЧЮЊД§ЩОГ§
                    .livingMotionModifier(Styles.TWO_HAND, LivingMotions.WALK, WOMAnimations.ANTITHEUS_ASCENDED_WALK)
                    ^
C:\Users\Administrator\Downloads\ГОЗтЙХМЃ\AnnoyingVillagers-1.4\AnnoyingVillagers-1.4\src\main\java\com\pla\annoyingvillagers\capabilities\AVWeaponCapabilityPresets.java:191: ОЏИц: [removal] Builder жаЕФ livingMotionModifier(Style,LivingMotion,AnimationAccessor<? extends StaticAnimation>) вбЙ§ЪБ, ЧвБъМЧЮЊД§ЩОГ§
                    .livingMotionModifier(Styles.TWO_HAND, LivingMotions.RUN, WOMAnimations.ANTITHEUS_ASCENDED_RUN)
                    ^
C:\Users\Administrator\Downloads\ГОЗтЙХМЃ\AnnoyingVillagers-1.4\AnnoyingVillagers-1.4\src\main\java\com\pla\annoyingvillagers\capabilities\AVWeaponCapabilityPresets.java:192: ОЏИц: [removal] Builder жаЕФ livingMotionModifier(Style,LivingMotion,AnimationAccessor<? extends StaticAnimation>) вбЙ§ЪБ, ЧвБъМЧЮЊД§ЩОГ§
                    .livingMotionModifier(Styles.TWO_HAND, LivingMotions.CHASE, WOMAnimations.ANTITHEUS_ASCENDED_RUN)
                    ^
C:\Users\Administrator\Downloads\ГОЗтЙХМЃ\AnnoyingVillagers-1.4\AnnoyingVillagers-1.4\src\main\java\com\pla\annoyingvillagers\capabilities\AVWeaponCapabilityPresets.java:193: ОЏИц: [removal] Builder жаЕФ livingMotionModifier(Style,LivingMotion,AnimationAccessor<? extends StaticAnimation>) вбЙ§ЪБ, ЧвБъМЧЮЊД§ЩОГ§
                    .livingMotionModifier(Styles.TWO_HAND, LivingMotions.BLOCK, AVAnimations.FIST_GUARD);
                    ^
C:\Users\Administrator\Downloads\ГОЗтЙХМЃ\AnnoyingVillagers-1.4\AnnoyingVillagers-1.4\src\main\java\com\pla\annoyingvillagers\capabilities\AVWeaponCapabilityPresets.java:197: ОЏИц: [removal] Builder жаЕФ styleProvider(Function<LivingEntityPatch<?>,Style>) вбЙ§ЪБ, ЧвБъМЧЮЊД§ЩОГ§
                    .styleProvider((livingEntityPatch) -> Styles.TWO_HAND)
                    ^
C:\Users\Administrator\Downloads\ГОЗтЙХМЃ\AnnoyingVillagers-1.4\AnnoyingVillagers-1.4\src\main\java\com\pla\annoyingvillagers\capabilities\AVWeaponCapabilityPresets.java:201: ОЏИц: [removal] Builder жаЕФ newStyleCombo(Style,AnimationAccessor<? extends AttackAnimation>...) вбЙ§ЪБ, ЧвБъМЧЮЊД§ЩОГ§
                    .newStyleCombo(Styles.TWO_HAND,
                    ^
C:\Users\Administrator\Downloads\ГОЗтЙХМЃ\AnnoyingVillagers-1.4\AnnoyingVillagers-1.4\src\main\java\com\pla\annoyingvillagers\capabilities\AVWeaponCapabilityPresets.java:211: ОЏИц: [removal] Builder жаЕФ livingMotionModifier(Style,LivingMotion,AnimationAccessor<? extends StaticAnimation>) вбЙ§ЪБ, ЧвБъМЧЮЊД§ЩОГ§
                    .livingMotionModifier(Styles.TWO_HAND, LivingMotions.IDLE, Animations.BIPED_IDLE)
                    ^
C:\Users\Administrator\Downloads\ГОЗтЙХМЃ\AnnoyingVillagers-1.4\AnnoyingVillagers-1.4\src\main\java\com\pla\annoyingvillagers\capabilities\AVWeaponCapabilityPresets.java:212: ОЏИц: [removal] Builder жаЕФ livingMotionModifier(Style,LivingMotion,AnimationAccessor<? extends StaticAnimation>) вбЙ§ЪБ, ЧвБъМЧЮЊД§ЩОГ§
                    .livingMotionModifier(Styles.TWO_HAND, LivingMotions.WALK, Animations.BIPED_WALK)
                    ^
C:\Users\Administrator\Downloads\ГОЗтЙХМЃ\AnnoyingVillagers-1.4\AnnoyingVillagers-1.4\src\main\java\com\pla\annoyingvillagers\capabilities\AVWeaponCapabilityPresets.java:213: ОЏИц: [removal] Builder жаЕФ livingMotionModifier(Style,LivingMotion,AnimationAccessor<? extends StaticAnimation>) вбЙ§ЪБ, ЧвБъМЧЮЊД§ЩОГ§
                    .livingMotionModifier(Styles.TWO_HAND, LivingMotions.RUN, AVAnimations.OLD_MOONLESS_RUN)
                    ^
C:\Users\Administrator\Downloads\ГОЗтЙХМЃ\AnnoyingVillagers-1.4\AnnoyingVillagers-1.4\src\main\java\com\pla\annoyingvillagers\capabilities\AVWeaponCapabilityPresets.java:214: ОЏИц: [removal] Builder жаЕФ livingMotionModifier(Style,LivingMotion,AnimationAccessor<? extends StaticAnimation>) вбЙ§ЪБ, ЧвБъМЧЮЊД§ЩОГ§
                    .livingMotionModifier(Styles.TWO_HAND, LivingMotions.CHASE, AVAnimations.OLD_MOONLESS_RUN)
                    ^
C:\Users\Administrator\Downloads\ГОЗтЙХМЃ\AnnoyingVillagers-1.4\AnnoyingVillagers-1.4\src\main\java\com\pla\annoyingvillagers\capabilities\AVWeaponCapabilityPresets.java:215: ОЏИц: [removal] Builder жаЕФ livingMotionModifier(Style,LivingMotion,AnimationAccessor<? extends StaticAnimation>) вбЙ§ЪБ, ЧвБъМЧЮЊД§ЩОГ§
                    .livingMotionModifier(Styles.TWO_HAND, LivingMotions.BLOCK, AVAnimations.FIST_GUARD);
                    ^
C:\Users\Administrator\Downloads\ГОЗтЙХМЃ\AnnoyingVillagers-1.4\AnnoyingVillagers-1.4\src\main\java\com\pla\annoyingvillagers\capabilities\AVWeaponCapabilityPresets.java:219: ОЏИц: [removal] Builder жаЕФ styleProvider(Function<LivingEntityPatch<?>,Style>) вбЙ§ЪБ, ЧвБъМЧЮЊД§ЩОГ§
                    .styleProvider((livingEntityPatch) -> Styles.ONE_HAND)
                    ^
C:\Users\Administrator\Downloads\ГОЗтЙХМЃ\AnnoyingVillagers-1.4\AnnoyingVillagers-1.4\src\main\java\com\pla\annoyingvillagers\capabilities\AVWeaponCapabilityPresets.java:222: ОЏИц: [removal] Builder жаЕФ newStyleCombo(Style,AnimationAccessor<? extends AttackAnimation>...) вбЙ§ЪБ, ЧвБъМЧЮЊД§ЩОГ§
                    .newStyleCombo(Styles.ONE_HAND,
                    ^
C:\Users\Administrator\Downloads\ГОЗтЙХМЃ\AnnoyingVillagers-1.4\AnnoyingVillagers-1.4\src\main\java\com\pla\annoyingvillagers\capabilities\AVWeaponCapabilityPresets.java:232: ОЏИц: [removal] Builder жаЕФ livingMotionModifier(Style,LivingMotion,AnimationAccessor<? extends StaticAnimation>) вбЙ§ЪБ, ЧвБъМЧЮЊД§ЩОГ§
                    .livingMotionModifier(Styles.ONE_HAND, LivingMotions.IDLE, Animations.BIPED_IDLE)
                    ^
C:\Users\Administrator\Downloads\ГОЗтЙХМЃ\AnnoyingVillagers-1.4\AnnoyingVillagers-1.4\src\main\java\com\pla\annoyingvillagers\capabilities\AVWeaponCapabilityPresets.java:233: ОЏИц: [removal] Builder жаЕФ livingMotionModifier(Style,LivingMotion,AnimationAccessor<? extends StaticAnimation>) вбЙ§ЪБ, ЧвБъМЧЮЊД§ЩОГ§
                    .livingMotionModifier(Styles.ONE_HAND, LivingMotions.WALK, Animations.BIPED_WALK)
                    ^
C:\Users\Administrator\Downloads\ГОЗтЙХМЃ\AnnoyingVillagers-1.4\AnnoyingVillagers-1.4\src\main\java\com\pla\annoyingvillagers\capabilities\AVWeaponCapabilityPresets.java:234: ОЏИц: [removal] Builder жаЕФ livingMotionModifier(Style,LivingMotion,AnimationAccessor<? extends StaticAnimation>) вбЙ§ЪБ, ЧвБъМЧЮЊД§ЩОГ§
                    .livingMotionModifier(Styles.ONE_HAND, LivingMotions.RUN, AVAnimations.OLD_MOONLESS_RUN)
                    ^
C:\Users\Administrator\Downloads\ГОЗтЙХМЃ\AnnoyingVillagers-1.4\AnnoyingVillagers-1.4\src\main\java\com\pla\annoyingvillagers\capabilities\AVWeaponCapabilityPresets.java:235: ОЏИц: [removal] Builder жаЕФ livingMotionModifier(Style,LivingMotion,AnimationAccessor<? extends StaticAnimation>) вбЙ§ЪБ, ЧвБъМЧЮЊД§ЩОГ§
                    .livingMotionModifier(Styles.ONE_HAND, LivingMotions.CHASE, AVAnimations.OLD_MOONLESS_RUN)
                    ^
C:\Users\Administrator\Downloads\ГОЗтЙХМЃ\AnnoyingVillagers-1.4\AnnoyingVillagers-1.4\src\main\java\com\pla\annoyingvillagers\capabilities\AVWeaponCapabilityPresets.java:236: ОЏИц: [removal] Builder жаЕФ livingMotionModifier(Style,LivingMotion,AnimationAccessor<? extends StaticAnimation>) вбЙ§ЪБ, ЧвБъМЧЮЊД§ЩОГ§
                    .livingMotionModifier(Styles.ONE_HAND, LivingMotions.BLOCK, AnimsMoonless.MOONLESS_GUARD);
                    ^
C:\Users\Administrator\Downloads\ГОЗтЙХМЃ\AnnoyingVillagers-1.4\AnnoyingVillagers-1.4\src\main\java\com\pla\annoyingvillagers\capabilities\AVWeaponCapabilityPresets.java:240: ОЏИц: [removal] Builder жаЕФ styleProvider(Function<LivingEntityPatch<?>,Style>) вбЙ§ЪБ, ЧвБъМЧЮЊД§ЩОГ§
                    .styleProvider(
                    ^
C:\Users\Administrator\Downloads\ГОЗтЙХМЃ\AnnoyingVillagers-1.4\AnnoyingVillagers-1.4\src\main\java\com\pla\annoyingvillagers\capabilities\AVWeaponCapabilityPresets.java:245: ОЏИц: [removal] Builder жаЕФ newStyleCombo(Style,AnimationAccessor<? extends AttackAnimation>...) вбЙ§ЪБ, ЧвБъМЧЮЊД§ЩОГ§
                    .newStyleCombo(Styles.TWO_HAND,
                    ^
C:\Users\Administrator\Downloads\ГОЗтЙХМЃ\AnnoyingVillagers-1.4\AnnoyingVillagers-1.4\src\main\java\com\pla\annoyingvillagers\capabilities\AVWeaponCapabilityPresets.java:253: ОЏИц: [removal] Builder жаЕФ newStyleCombo(Style,AnimationAccessor<? extends AttackAnimation>...) вбЙ§ЪБ, ЧвБъМЧЮЊД§ЩОГ§
                    .newStyleCombo(Styles.OCHS,
                    ^
C:\Users\Administrator\Downloads\ГОЗтЙХМЃ\AnnoyingVillagers-1.4\AnnoyingVillagers-1.4\src\main\java\com\pla\annoyingvillagers\capabilities\AVWeaponCapabilityPresets.java:265: ОЏИц: [removal] Builder жаЕФ livingMotionModifier(Style,LivingMotion,AnimationAccessor<? extends StaticAnimation>) вбЙ§ЪБ, ЧвБъМЧЮЊД§ЩОГ§
                    .livingMotionModifier(Styles.TWO_HAND, LivingMotions.IDLE, Animations.BIPED_IDLE)
                    ^
C:\Users\Administrator\Downloads\ГОЗтЙХМЃ\AnnoyingVillagers-1.4\AnnoyingVillagers-1.4\src\main\java\com\pla\annoyingvillagers\capabilities\AVWeaponCapabilityPresets.java:266: ОЏИц: [removal] Builder жаЕФ livingMotionModifier(Style,LivingMotion,AnimationAccessor<? extends StaticAnimation>) вбЙ§ЪБ, ЧвБъМЧЮЊД§ЩОГ§
                    .livingMotionModifier(Styles.TWO_HAND, LivingMotions.WALK, Animations.BIPED_WALK)
                    ^
C:\Users\Administrator\Downloads\ГОЗтЙХМЃ\AnnoyingVillagers-1.4\AnnoyingVillagers-1.4\src\main\java\com\pla\annoyingvillagers\capabilities\AVWeaponCapabilityPresets.java:267: ОЏИц: [removal] Builder жаЕФ livingMotionModifier(Style,LivingMotion,AnimationAccessor<? extends StaticAnimation>) вбЙ§ЪБ, ЧвБъМЧЮЊД§ЩОГ§
                    .livingMotionModifier(Styles.TWO_HAND, LivingMotions.RUN, AVAnimations.OLD_MOONLESS_RUN)
                    ^
C:\Users\Administrator\Downloads\ГОЗтЙХМЃ\AnnoyingVillagers-1.4\AnnoyingVillagers-1.4\src\main\java\com\pla\annoyingvillagers\capabilities\AVWeaponCapabilityPresets.java:268: ОЏИц: [removal] Builder жаЕФ livingMotionModifier(Style,LivingMotion,AnimationAccessor<? extends StaticAnimation>) вбЙ§ЪБ, ЧвБъМЧЮЊД§ЩОГ§
                    .livingMotionModifier(Styles.TWO_HAND, LivingMotions.CHASE, AVAnimations.OLD_MOONLESS_RUN)
                    ^
C:\Users\Administrator\Downloads\ГОЗтЙХМЃ\AnnoyingVillagers-1.4\AnnoyingVillagers-1.4\src\main\java\com\pla\annoyingvillagers\capabilities\AVWeaponCapabilityPresets.java:269: ОЏИц: [removal] Builder жаЕФ livingMotionModifier(Style,LivingMotion,AnimationAccessor<? extends StaticAnimation>) вбЙ§ЪБ, ЧвБъМЧЮЊД§ЩОГ§
                    .livingMotionModifier(Styles.TWO_HAND, LivingMotions.BLOCK, AVAnimations.FIST_GUARD)
                    ^
C:\Users\Administrator\Downloads\ГОЗтЙХМЃ\AnnoyingVillagers-1.4\AnnoyingVillagers-1.4\src\main\java\com\pla\annoyingvillagers\capabilities\AVWeaponCapabilityPresets.java:270: ОЏИц: [removal] Builder жаЕФ livingMotionModifier(Style,LivingMotion,AnimationAccessor<? extends StaticAnimation>) вбЙ§ЪБ, ЧвБъМЧЮЊД§ЩОГ§
                    .livingMotionModifier(Styles.OCHS, LivingMotions.IDLE, Animations.BIPED_IDLE)
                    ^
C:\Users\Administrator\Downloads\ГОЗтЙХМЃ\AnnoyingVillagers-1.4\AnnoyingVillagers-1.4\src\main\java\com\pla\annoyingvillagers\capabilities\AVWeaponCapabilityPresets.java:271: ОЏИц: [removal] Builder жаЕФ livingMotionModifier(Style,LivingMotion,AnimationAccessor<? extends StaticAnimation>) вбЙ§ЪБ, ЧвБъМЧЮЊД§ЩОГ§
                    .livingMotionModifier(Styles.OCHS, LivingMotions.WALK, Animations.BIPED_WALK)
                    ^
C:\Users\Administrator\Downloads\ГОЗтЙХМЃ\AnnoyingVillagers-1.4\AnnoyingVillagers-1.4\src\main\java\com\pla\annoyingvillagers\capabilities\AVWeaponCapabilityPresets.java:272: ОЏИц: [removal] Builder жаЕФ livingMotionModifier(Style,LivingMotion,AnimationAccessor<? extends StaticAnimation>) вбЙ§ЪБ, ЧвБъМЧЮЊД§ЩОГ§
                    .livingMotionModifier(Styles.OCHS, LivingMotions.RUN, AVAnimations.OLD_MOONLESS_RUN)
                    ^
C:\Users\Administrator\Downloads\ГОЗтЙХМЃ\AnnoyingVillagers-1.4\AnnoyingVillagers-1.4\src\main\java\com\pla\annoyingvillagers\capabilities\AVWeaponCapabilityPresets.java:273: ОЏИц: [removal] Builder жаЕФ livingMotionModifier(Style,LivingMotion,AnimationAccessor<? extends StaticAnimation>) вбЙ§ЪБ, ЧвБъМЧЮЊД§ЩОГ§
                    .livingMotionModifier(Styles.OCHS, LivingMotions.CHASE, AVAnimations.OLD_MOONLESS_RUN)
                    ^
C:\Users\Administrator\Downloads\ГОЗтЙХМЃ\AnnoyingVillagers-1.4\AnnoyingVillagers-1.4\src\main\java\com\pla\annoyingvillagers\capabilities\AVWeaponCapabilityPresets.java:274: ОЏИц: [removal] Builder жаЕФ livingMotionModifier(Style,LivingMotion,AnimationAccessor<? extends StaticAnimation>) вбЙ§ЪБ, ЧвБъМЧЮЊД§ЩОГ§
                    .livingMotionModifier(Styles.OCHS, LivingMotions.BLOCK, AVAnimations.FIST_GUARD)
                    ^
C:\Users\Administrator\Downloads\ГОЗтЙХМЃ\AnnoyingVillagers-1.4\AnnoyingVillagers-1.4\src\main\java\com\pla\annoyingvillagers\capabilities\AVWeaponCapabilityPresets.java:275: ОЏИц: [removal] Builder жаЕФ weaponCombinationPredicator(Function<LivingEntityPatch<?>,Boolean>) вбЙ§ЪБ, ЧвБъМЧЮЊД§ЩОГ§
                    .weaponCombinationPredicator(
                    ^
C:\Users\Administrator\Downloads\ГОЗтЙХМЃ\AnnoyingVillagers-1.4\AnnoyingVillagers-1.4\src\main\java\com\pla\annoyingvillagers\capabilities\AVWeaponCapabilityPresets.java:285: ОЏИц: [removal] Builder жаЕФ styleProvider(Function<LivingEntityPatch<?>,Style>) вбЙ§ЪБ, ЧвБъМЧЮЊД§ЩОГ§
                    .styleProvider(
                    ^
C:\Users\Administrator\Downloads\ГОЗтЙХМЃ\AnnoyingVillagers-1.4\AnnoyingVillagers-1.4\src\main\java\com\pla\annoyingvillagers\capabilities\AVWeaponCapabilityPresets.java:288: ОЏИц: [removal] Builder жаЕФ newStyleCombo(Style,AnimationAccessor<? extends AttackAnimation>...) вбЙ§ЪБ, ЧвБъМЧЮЊД§ЩОГ§
                    .newStyleCombo(Styles.ONE_HAND,
                    ^
C:\Users\Administrator\Downloads\ГОЗтЙХМЃ\AnnoyingVillagers-1.4\AnnoyingVillagers-1.4\src\main\java\com\pla\annoyingvillagers\capabilities\AVWeaponCapabilityPresets.java:295: ОЏИц: [removal] Builder жаЕФ newStyleCombo(Style,AnimationAccessor<? extends AttackAnimation>...) вбЙ§ЪБ, ЧвБъМЧЮЊД§ЩОГ§
                    .newStyleCombo(Styles.TWO_HAND,
                    ^
C:\Users\Administrator\Downloads\ГОЗтЙХМЃ\AnnoyingVillagers-1.4\AnnoyingVillagers-1.4\src\main\java\com\pla\annoyingvillagers\capabilities\AVWeaponCapabilityPresets.java:307: ОЏИц: [removal] Builder жаЕФ livingMotionModifier(Style,LivingMotion,AnimationAccessor<? extends StaticAnimation>) вбЙ§ЪБ, ЧвБъМЧЮЊД§ЩОГ§
                    .livingMotionModifier(Styles.ONE_HAND, LivingMotions.IDLE, Animations.BIPED_IDLE)
                    ^
C:\Users\Administrator\Downloads\ГОЗтЙХМЃ\AnnoyingVillagers-1.4\AnnoyingVillagers-1.4\src\main\java\com\pla\annoyingvillagers\capabilities\AVWeaponCapabilityPresets.java:308: ОЏИц: [removal] Builder жаЕФ livingMotionModifier(Style,LivingMotion,AnimationAccessor<? extends StaticAnimation>) вбЙ§ЪБ, ЧвБъМЧЮЊД§ЩОГ§
                    .livingMotionModifier(Styles.ONE_HAND, LivingMotions.BLOCK, AnimsMoonless.MOONLESS_GUARD)
                    ^
C:\Users\Administrator\Downloads\ГОЗтЙХМЃ\AnnoyingVillagers-1.4\AnnoyingVillagers-1.4\src\main\java\com\pla\annoyingvillagers\capabilities\AVWeaponCapabilityPresets.java:309: ОЏИц: [removal] Builder жаЕФ livingMotionModifier(Style,LivingMotion,AnimationAccessor<? extends StaticAnimation>) вбЙ§ЪБ, ЧвБъМЧЮЊД§ЩОГ§
                    .livingMotionModifier(Styles.ONE_HAND, LivingMotions.RUN, AVAnimations.OLD_MOONLESS_RUN)
                    ^
C:\Users\Administrator\Downloads\ГОЗтЙХМЃ\AnnoyingVillagers-1.4\AnnoyingVillagers-1.4\src\main\java\com\pla\annoyingvillagers\capabilities\AVWeaponCapabilityPresets.java:310: ОЏИц: [removal] Builder жаЕФ livingMotionModifier(Style,LivingMotion,AnimationAccessor<? extends StaticAnimation>) вбЙ§ЪБ, ЧвБъМЧЮЊД§ЩОГ§
                    .livingMotionModifier(Styles.ONE_HAND, LivingMotions.CHASE, AVAnimations.OLD_MOONLESS_RUN)
                    ^
C:\Users\Administrator\Downloads\ГОЗтЙХМЃ\AnnoyingVillagers-1.4\AnnoyingVillagers-1.4\src\main\java\com\pla\annoyingvillagers\capabilities\AVWeaponCapabilityPresets.java:311: ОЏИц: [removal] Builder жаЕФ livingMotionModifier(Style,LivingMotion,AnimationAccessor<? extends StaticAnimation>) вбЙ§ЪБ, ЧвБъМЧЮЊД§ЩОГ§
                    .livingMotionModifier(Styles.ONE_HAND, LivingMotions.WALK, Animations.BIPED_WALK)
                    ^
C:\Users\Administrator\Downloads\ГОЗтЙХМЃ\AnnoyingVillagers-1.4\AnnoyingVillagers-1.4\src\main\java\com\pla\annoyingvillagers\capabilities\AVWeaponCapabilityPresets.java:312: ОЏИц: [removal] Builder жаЕФ livingMotionModifier(Style,LivingMotion,AnimationAccessor<? extends StaticAnimation>) вбЙ§ЪБ, ЧвБъМЧЮЊД§ЩОГ§
                    .livingMotionModifier(Styles.TWO_HAND, LivingMotions.IDLE, Animations.BIPED_HOLD_DUAL_WEAPON)
                    ^
C:\Users\Administrator\Downloads\ГОЗтЙХМЃ\AnnoyingVillagers-1.4\AnnoyingVillagers-1.4\src\main\java\com\pla\annoyingvillagers\capabilities\AVWeaponCapabilityPresets.java:313: ОЏИц: [removal] Builder жаЕФ livingMotionModifier(Style,LivingMotion,AnimationAccessor<? extends StaticAnimation>) вбЙ§ЪБ, ЧвБъМЧЮЊД§ЩОГ§
                    .livingMotionModifier(Styles.TWO_HAND, LivingMotions.BLOCK, Animations.SWORD_DUAL_GUARD)
                    ^
C:\Users\Administrator\Downloads\ГОЗтЙХМЃ\AnnoyingVillagers-1.4\AnnoyingVillagers-1.4\src\main\java\com\pla\annoyingvillagers\capabilities\AVWeaponCapabilityPresets.java:314: ОЏИц: [removal] Builder жаЕФ livingMotionModifier(Style,LivingMotion,AnimationAccessor<? extends StaticAnimation>) вбЙ§ЪБ, ЧвБъМЧЮЊД§ЩОГ§
                    .livingMotionModifier(Styles.TWO_HAND, LivingMotions.RUN, AVAnimations.OLD_MOONLESS_RUN)
                    ^
C:\Users\Administrator\Downloads\ГОЗтЙХМЃ\AnnoyingVillagers-1.4\AnnoyingVillagers-1.4\src\main\java\com\pla\annoyingvillagers\capabilities\AVWeaponCapabilityPresets.java:315: ОЏИц: [removal] Builder жаЕФ livingMotionModifier(Style,LivingMotion,AnimationAccessor<? extends StaticAnimation>) вбЙ§ЪБ, ЧвБъМЧЮЊД§ЩОГ§
                    .livingMotionModifier(Styles.TWO_HAND, LivingMotions.CHASE, AVAnimations.OLD_MOONLESS_RUN)
                    ^
C:\Users\Administrator\Downloads\ГОЗтЙХМЃ\AnnoyingVillagers-1.4\AnnoyingVillagers-1.4\src\main\java\com\pla\annoyingvillagers\capabilities\AVWeaponCapabilityPresets.java:316: ОЏИц: [removal] Builder жаЕФ livingMotionModifier(Style,LivingMotion,AnimationAccessor<? extends StaticAnimation>) вбЙ§ЪБ, ЧвБъМЧЮЊД§ЩОГ§
                    .livingMotionModifier(Styles.TWO_HAND, LivingMotions.WALK, Animations.BIPED_HOLD_DUAL_WEAPON)
                    ^
C:\Users\Administrator\Downloads\ГОЗтЙХМЃ\AnnoyingVillagers-1.4\AnnoyingVillagers-1.4\src\main\java\com\pla\annoyingvillagers\capabilities\AVWeaponCapabilityPresets.java:317: ОЏИц: [removal] Builder жаЕФ weaponCombinationPredicator(Function<LivingEntityPatch<?>,Boolean>) вбЙ§ЪБ, ЧвБъМЧЮЊД§ЩОГ§
                    .weaponCombinationPredicator(
                    ^
C:\Users\Administrator\Downloads\ГОЗтЙХМЃ\AnnoyingVillagers-1.4\AnnoyingVillagers-1.4\src\main\java\com\pla\annoyingvillagers\capabilities\AVWeaponCapabilityPresets.java:323: ОЏИц: [removal] Builder жаЕФ styleProvider(Function<LivingEntityPatch<?>,Style>) вбЙ§ЪБ, ЧвБъМЧЮЊД§ЩОГ§
                    .styleProvider(
                    ^
C:\Users\Administrator\Downloads\ГОЗтЙХМЃ\AnnoyingVillagers-1.4\AnnoyingVillagers-1.4\src\main\java\com\pla\annoyingvillagers\capabilities\AVWeaponCapabilityPresets.java:329: ОЏИц: [removal] Builder жаЕФ newStyleCombo(Style,AnimationAccessor<? extends AttackAnimation>...) вбЙ§ЪБ, ЧвБъМЧЮЊД§ЩОГ§
                    .newStyleCombo(Styles.TWO_HAND,
                    ^
C:\Users\Administrator\Downloads\ГОЗтЙХМЃ\AnnoyingVillagers-1.4\AnnoyingVillagers-1.4\src\main\java\com\pla\annoyingvillagers\capabilities\AVWeaponCapabilityPresets.java:340: ОЏИц: [removal] Builder жаЕФ newStyleCombo(Style,AnimationAccessor<? extends AttackAnimation>...) вбЙ§ЪБ, ЧвБъМЧЮЊД§ЩОГ§
                    ).newStyleCombo(Styles.MOUNT, Animations.SWORD_MOUNT_ATTACK)
                     ^
C:\Users\Administrator\Downloads\ГОЗтЙХМЃ\AnnoyingVillagers-1.4\AnnoyingVillagers-1.4\src\main\java\com\pla\annoyingvillagers\capabilities\AVWeaponCapabilityPresets.java:343: ОЏИц: [removal] Builder жаЕФ livingMotionModifier(Style,LivingMotion,AnimationAccessor<? extends StaticAnimation>) вбЙ§ЪБ, ЧвБъМЧЮЊД§ЩОГ§
                    .livingMotionModifier(Styles.TWO_HAND, LivingMotions.IDLE, AVAnimations.LEGENDARY_SWORD_IDLE)
                    ^
C:\Users\Administrator\Downloads\ГОЗтЙХМЃ\AnnoyingVillagers-1.4\AnnoyingVillagers-1.4\src\main\java\com\pla\annoyingvillagers\capabilities\AVWeaponCapabilityPresets.java:344: ОЏИц: [removal] Builder жаЕФ livingMotionModifier(Style,LivingMotion,AnimationAccessor<? extends StaticAnimation>) вбЙ§ЪБ, ЧвБъМЧЮЊД§ЩОГ§
                    .livingMotionModifier(Styles.TWO_HAND, LivingMotions.WALK, AVAnimations.TORMENT_BERSERK_WALK)
                    ^
C:\Users\Administrator\Downloads\ГОЗтЙХМЃ\AnnoyingVillagers-1.4\AnnoyingVillagers-1.4\src\main\java\com\pla\annoyingvillagers\capabilities\AVWeaponCapabilityPresets.java:345: ОЏИц: [removal] Builder жаЕФ livingMotionModifier(Style,LivingMotion,AnimationAccessor<? extends StaticAnimation>) вбЙ§ЪБ, ЧвБъМЧЮЊД§ЩОГ§
                    .livingMotionModifier(Styles.TWO_HAND, LivingMotions.RUN, AVAnimations.RUN_DUAL_BIG)
                    ^
C:\Users\Administrator\Downloads\ГОЗтЙХМЃ\AnnoyingVillagers-1.4\AnnoyingVillagers-1.4\src\main\java\com\pla\annoyingvillagers\capabilities\AVWeaponCapabilityPresets.java:346: ОЏИц: [removal] Builder жаЕФ livingMotionModifier(Style,LivingMotion,AnimationAccessor<? extends StaticAnimation>) вбЙ§ЪБ, ЧвБъМЧЮЊД§ЩОГ§
                    .livingMotionModifier(Styles.TWO_HAND, LivingMotions.CHASE, AVAnimations.RUN_DUAL_BIG)
                    ^
зЂ: ФГаЉЪфШыЮФМўЪЙгУЛђИВИЧСЫвбЙ§ЪБЕФ APIЁЃ
зЂ: гаЙиЯъЯИаХЯЂ, ЧыЪЙгУ -Xlint:deprecation жиаТБрвыЁЃ
зЂ: C:\Users\Administrator\Downloads\ГОЗтЙХМЃ\AnnoyingVillagers-1.4\AnnoyingVillagers-1.4\src\main\java\com\pla\annoyingvillagers\capabilities\AVWeaponCapabilityPresets.java ЖюЭтЪЙгУЛђИВИЧСЫБъМЧЮЊД§ЩОГ§ЕФвбЙ§ЪБ APIЁЃ
зЂ: ФГаЉЪфШыЮФМўЪЙгУСЫЮДО­МьВщЛђВЛАВШЋЕФВйзїЁЃ
зЂ: гаЙиЯъЯИаХЯЂ, ЧыЪЙгУ -Xlint:unchecked жиаТБрвыЁЃ
100 ИіОЏИц

> Task :addMixinsToJar
> Task :processResources UP-TO-DATE
> Task :classes
> Task :jar
> Task :configureReobfTaskForReobfJar
> Task :reobfJar
> Task :configureReobfTaskForReobfJarJar
> Task :addMixinsToJarJar
> Task :jarJar SKIPPED
> Task :reobfJarJar SKIPPED
> Task :assemble
> Task :compileTestJava NO-SOURCE
> Task :processTestResources NO-SOURCE
> Task :testClasses UP-TO-DATE
> Task :test NO-SOURCE
> Task :check UP-TO-DATE
> Task :build

Deprecated Gradle features were used in this build, making it incompatible with Gradle 9.0.

You can use '--warning-mode all' to show the individual deprecation warnings and determine if they come from your own scripts or plugins.

For more on this, please refer to https://docs.gradle.org/8.8/userguide/command_line_interface.html#sec:command_line_warnings in the Gradle documentation.

BUILD SUCCESSFUL in 33s
11 actionable tasks: 8 executed, 3 up-to-date
